2022-04-04 00:01:01 [백엔드 맛보기] info: Server listening on 4000
2022-04-04 00:02:01 [백엔드 맛보기] info: Server listening on 4000
2022-04-04 00:03:01 [백엔드 맛보기] info: Server listening on 4000
2022-04-04 00:03:01 [백엔드 맛보기] info: Server listening on 4000
2022-04-04 00:03:01 [백엔드 맛보기] info: Server listening on 4000
2022-04-04 00:03:01 [백엔드 맛보기] info: Server listening on 4000
2022-04-04 00:04:01 [백엔드 맛보기] info: Server listening on 4000
2022-04-04 00:05:01 [백엔드 맛보기] info: Server listening on 4000
2022-04-04 00:06:01 [백엔드 맛보기] info: Server listening on 4000
2022-04-04 00:06:01 [백엔드 맛보기] info: Server listening on 4000
2022-04-04 00:09:01 [백엔드 맛보기] info: Server listening on 4000
2022-04-04 00:10:01 [백엔드 맛보기] info: Server listening on 4000
2022-04-04 00:10:01 [백엔드 맛보기] error: Service with "postService" identifier was not found in the container. Register it before usage via explicitly calling the "Container.set" function or using the "@Service()" decorator.
2022-04-04 00:11:01 [백엔드 맛보기] info: Server listening on 4000
2022-04-04 00:11:01 [백엔드 맛보기] error: Service with "postService" identifier was not found in the container. Register it before usage via explicitly calling the "Container.set" function or using the "@Service()" decorator.
2022-04-04 00:11:01 [백엔드 맛보기] info: Server listening on 4000
2022-04-04 00:27:01 [백엔드 맛보기] info: Server listening on 4000
2022-04-04 00:27:01 [백엔드 맛보기] info: Server listening on 4000
2022-04-04 00:28:01 [백엔드 맛보기] info: Server listening on 4000
2022-04-04 00:31:01 [백엔드 맛보기] info: Server listening on 4000
2022-04-04 00:32:01 [백엔드 맛보기] info: Server listening on 4000
2022-04-04 00:33:01 [백엔드 맛보기] info: Server listening on 4000
2022-04-04 00:33:01 [백엔드 맛보기] info: Server listening on 4000
2022-04-04 00:40:01 [백엔드 맛보기] info: Server listening on 4000
2022-04-04 00:40:01 [백엔드 맛보기] info: Server listening on 4000
2022-04-04 00:40:01 [백엔드 맛보기] info: Server listening on 4000
2022-04-04 00:41:01 [백엔드 맛보기] info: Server listening on 4000
2022-04-04 00:41:01 [백엔드 맛보기] error: _a.getMetadata is not a function
2022-04-04 00:42:01 [백엔드 맛보기] info: Server listening on 4000
2022-04-04 00:42:01 [백엔드 맛보기] info: Server listening on 4000
2022-04-04 00:42:01 [백엔드 맛보기] info: Server listening on 4000
2022-04-04 00:44:01 [백엔드 맛보기] info: Server listening on 4000
2022-04-04 00:44:01 [백엔드 맛보기] info: Server listening on 4000
2022-04-04 00:48:01 [백엔드 맛보기] info: Server listening on 4000
2022-04-04 00:49:01 [백엔드 맛보기] info: Server listening on 4000
2022-04-04 00:49:01 [백엔드 맛보기] info: Server listening on 4000
2022-04-04 00:51:01 [백엔드 맛보기] info: Server listening on 4000
2022-04-04 00:53:01 [백엔드 맛보기] info: Server listening on 4000
2022-04-04 00:54:01 [백엔드 맛보기] error: Post validation failed: writer.nickname: Path `writer.nickname` is required., writer._id: Path `writer._id` is required.
2022-04-04 00:54:01 [백엔드 맛보기] error: success is not defined
2022-04-04 00:54:01 [백엔드 맛보기] info: Server listening on 4000
2022-04-04 00:54:01 [백엔드 맛보기] error: Post validation failed: writer.nickname: Path `writer.nickname` is required., writer._id: Path `writer._id` is required.
2022-04-04 00:55:01 [백엔드 맛보기] info: Server listening on 4000
2022-04-04 01:12:01 [백엔드 맛보기] info: Server listening on 4000
2022-04-04 01:12:01 [백엔드 맛보기] info: Server listening on 4000
2022-04-04 01:12:01 [백엔드 맛보기] error: Post validation failed: writer.nickname: Path `writer.nickname` is required., writer._id: Path `writer._id` is required.
2022-04-04 01:13:01 [백엔드 맛보기] info: Server listening on 4000
2022-04-04 01:13:01 [백엔드 맛보기] info: Server listening on 4000
2022-04-04 01:13:01 [백엔드 맛보기] error: Post validation failed: writer.nickname: Path `writer.nickname` is required., writer._id: Path `writer._id` is required.
2022-04-04 01:13:01 [백엔드 맛보기] error: Post validation failed: writer.nickname: Path `writer.nickname` is required., writer._id: Path `writer._id` is required.
2022-04-04 01:15:01 [백엔드 맛보기] info: Server listening on 4000
2022-04-04 01:15:01 [백엔드 맛보기] error: Post validation failed: writer.nickname: Path `writer.nickname` is required., writer._id: Path `writer._id` is required.
2022-04-04 01:15:01 [백엔드 맛보기] error: Post validation failed: writer.nickname: Path `writer.nickname` is required., writer._id: Path `writer._id` is required.
2022-04-04 01:15:01 [백엔드 맛보기] info: Server listening on 4000
2022-04-04 01:16:01 [백엔드 맛보기] error: Post validation failed: writer.nickname: Path `writer.nickname` is required., writer._id: Path `writer._id` is required.
2022-04-04 01:16:01 [백엔드 맛보기] error: Post validation failed: writer.nickname: Path `writer.nickname` is required., writer._id: Path `writer._id` is required.
2022-04-04 01:16:01 [백엔드 맛보기] info: Server listening on 4000
2022-04-04 01:16:01 [백엔드 맛보기] error: Post validation failed: writer.nickname: Path `writer.nickname` is required., writer._id: Path `writer._id` is required.
2022-04-04 01:16:01 [백엔드 맛보기] error: Post validation failed: writer.nickname: Path `writer.nickname` is required., writer._id: Path `writer._id` is required.
2022-04-04 01:16:01 [백엔드 맛보기] info: Server listening on 4000
2022-04-04 01:17:01 [백엔드 맛보기] info: Server listening on 4000
2022-04-04 13:27:01 [백엔드 맛보기] info: Server listening on 4000
2022-04-04 13:27:01 [백엔드 맛보기] info: Server listening on 4000
2022-04-04 13:28:01 [백엔드 맛보기] info: Server listening on 4000
2022-04-04 13:28:01 [백엔드 맛보기] info: Server listening on 4000
2022-04-04 13:30:01 [백엔드 맛보기] info: Server listening on 4000
2022-04-04 13:38:01 [백엔드 맛보기] info: Server listening on 4000
2022-04-04 13:38:01 [백엔드 맛보기] info: Server listening on 4000
2022-04-04 13:43:01 [백엔드 맛보기] info: Server listening on 4000
2022-04-04 13:44:01 [백엔드 맛보기] info: Server listening on 4000
2022-04-04 13:44:01 [백엔드 맛보기] info: Server listening on 4000
2022-04-04 13:45:01 [백엔드 맛보기] info: Server listening on 4000
2022-04-04 13:45:01 [백엔드 맛보기] info: Server listening on 4000
2022-04-04 13:48:01 [백엔드 맛보기] info: Server listening on 4000
2022-04-04 13:49:01 [백엔드 맛보기] info: Server listening on 4000
2022-04-04 13:49:01 [백엔드 맛보기] info: Server listening on 4000
2022-04-04 15:07:01 [백엔드 맛보기] info: Server listening on 4000
2022-04-04 15:08:01 [백엔드 맛보기] info: Server listening on 4000
2022-04-04 15:09:01 [백엔드 맛보기] info: Server listening on 4000
2022-04-04 15:10:01 [백엔드 맛보기] info: Server listening on 4000
2022-04-04 15:10:01 [백엔드 맛보기] info: Server listening on 4000
2022-04-04 15:11:01 [백엔드 맛보기] info: Server listening on 4000
2022-04-04 15:11:01 [백엔드 맛보기] info: Server listening on 4000
2022-04-04 15:12:01 [백엔드 맛보기] info: Server listening on 4000
2022-04-04 15:15:01 [백엔드 맛보기] info: Server listening on 4000
2022-04-04 15:15:01 [백엔드 맛보기] info: Server listening on 4000
2022-04-04 15:17:01 [백엔드 맛보기] info: Server listening on 4000
2022-04-04 15:17:01 [백엔드 맛보기] info: Server listening on 4000
2022-04-04 15:18:01 [백엔드 맛보기] info: Server listening on 4000
2022-04-04 15:18:01 [백엔드 맛보기] info: Server listening on 4000
2022-04-04 15:21:01 [백엔드 맛보기] info: Server listening on 4000
2022-04-04 15:22:01 [백엔드 맛보기] info: Server listening on 4000
2022-04-04 15:24:01 [백엔드 맛보기] info: Server listening on 4000
2022-04-04 15:26:01 [백엔드 맛보기] info: Server listening on 4000
2022-04-04 15:26:01 [백엔드 맛보기] info: Server listening on 4000
2022-04-04 15:27:01 [백엔드 맛보기] info: Server listening on 4000
2022-04-04 15:27:01 [백엔드 맛보기] info: Server listening on 4000
2022-04-04 15:28:01 [백엔드 맛보기] info: Server listening on 4000
2022-04-04 15:28:01 [백엔드 맛보기] info: Server listening on 4000
2022-04-04 17:47:01 [백엔드 맛보기] info: Server listening on 4000
2022-04-04 17:47:01 [백엔드 맛보기] info: Server listening on 4000
2022-04-04 17:47:01 [백엔드 맛보기] info: Server listening on 4000
2022-04-04 17:48:01 [백엔드 맛보기] info: Server listening on 4000
2022-04-04 17:51:01 [백엔드 맛보기] info: Server listening on 4000
2022-04-04 18:01:01 [백엔드 맛보기] info: Server listening on 4000
2022-04-04 18:13:01 [백엔드 맛보기] info: Server listening on 4000
2022-04-04 18:13:01 [백엔드 맛보기] info: Server listening on 4000
2022-04-04 18:14:01 [백엔드 맛보기] info: Server listening on 4000
2022-04-04 18:15:01 [백엔드 맛보기] info: Server listening on 4000
2022-04-04 18:15:01 [백엔드 맛보기] info: Server listening on 4000
2022-04-04 18:16:01 [백엔드 맛보기] info: Server listening on 4000
2022-04-04 23:37:01 [백엔드 맛보기] info: Server listening on 4000
2022-04-04 23:38:01 [백엔드 맛보기] info: Server listening on 4000
2022-04-04 23:38:01 [백엔드 맛보기] info: Server listening on 4000
2022-04-04 23:39:01 [백엔드 맛보기] info: Server listening on 4000
2022-04-04 23:39:01 [백엔드 맛보기] info: Server listening on 4000
2022-04-04 23:43:01 [백엔드 맛보기] info: Server listening on 4000
2022-04-04 23:44:01 [백엔드 맛보기] info: Server listening on 4000
2022-04-04 23:45:01 [백엔드 맛보기] info: Server listening on 4000
2022-04-04 23:45:01 [백엔드 맛보기] info: Server listening on 4000
2022-04-04 23:46:01 [백엔드 맛보기] info: Server listening on 4000
2022-04-04 23:47:01 [백엔드 맛보기] info: Server listening on 4000
2022-04-04 23:47:01 [백엔드 맛보기] info: Server listening on 4000
2022-04-04 23:48:01 [백엔드 맛보기] info: Server listening on 4000
2022-04-04 23:48:01 [백엔드 맛보기] info: Server listening on 4000
2022-04-04 23:49:01 [백엔드 맛보기] info: Server listening on 4000
2022-04-04 23:49:01 [백엔드 맛보기] info: Server listening on 4000
2022-04-04 23:50:01 [백엔드 맛보기] info: Server listening on 4000
2022-04-04 23:51:01 [백엔드 맛보기] info: Server listening on 4000
2022-04-04 23:51:01 [백엔드 맛보기] info: Server listening on 4000
2022-04-04 23:52:01 [백엔드 맛보기] info: Server listening on 4000
2022-04-04 23:53:01 [백엔드 맛보기] info: Server listening on 4000
2022-04-04 23:55:01 [백엔드 맛보기] info: Server listening on 4000
2022-04-04 23:58:01 [백엔드 맛보기] info: Server listening on 4000
2022-04-04 23:58:01 [백엔드 맛보기] info: Server listening on 4000
2022-04-04 23:58:01 [백엔드 맛보기] info: Server listening on 4000
2022-04-04 23:59:01 [백엔드 맛보기] info: Server listening on 4000
2022-04-04 23:59:01 [백엔드 맛보기] info: Server listening on 4000
2022-04-04 23:59:01 [백엔드 맛보기] info: Server listening on 4000
2022-04-04 23:59:01 [백엔드 맛보기] info: Server listening on 4000
2022-04-04 23:59:01 [백엔드 맛보기] info: Server listening on 4000
