2022-04-14 12:54:04 [백엔드 맛보기] info: Server listening on 4000
2022-04-14 12:56:04 [백엔드 맛보기] info: Server listening on 4000
2022-04-14 12:56:04 [백엔드 맛보기] info: Server listening on 4000
2022-04-14 12:56:04 [백엔드 맛보기] info: Server listening on 4000
2022-04-14 12:56:04 [백엔드 맛보기] info: Server listening on 4000
2022-04-14 12:57:04 [백엔드 맛보기] info: Server listening on 4000
2022-04-14 12:58:04 [백엔드 맛보기] info: Server listening on 4000
2022-04-14 12:59:04 [백엔드 맛보기] info: Server listening on 4000
2022-04-14 12:59:04 [백엔드 맛보기] error: verify error jwt expired
2022-04-14 12:59:04 [백엔드 맛보기] info: GET /refresh 200 Response: "success: true"
2022-04-14 13:01:04 [백엔드 맛보기] info: Server listening on 4000
2022-04-14 13:01:04 [백엔드 맛보기] info: Server listening on 4000
2022-04-14 13:01:04 [백엔드 맛보기] info: Server listening on 4000
2022-04-14 13:02:04 [백엔드 맛보기] info: Server listening on 4000
2022-04-14 13:02:04 [백엔드 맛보기] info: Server listening on 4000
2022-04-14 13:10:04 [백엔드 맛보기] info: Server listening on 4000
2022-04-14 13:18:04 [백엔드 맛보기] info: Server listening on 4000
2022-04-14 13:18:04 [백엔드 맛보기] info: Server listening on 4000
2022-04-14 13:18:04 [백엔드 맛보기] info: Server listening on 4000
2022-04-14 13:19:04 [백엔드 맛보기] info: Server listening on 4000
2022-04-14 13:20:04 [백엔드 맛보기] info: Server listening on 4000
2022-04-14 13:20:04 [백엔드 맛보기] info: Server listening on 4000
2022-04-14 13:20:04 [백엔드 맛보기] info: Server listening on 4000
2022-04-14 13:21:04 [백엔드 맛보기] info: Server listening on 4000
2022-04-14 13:21:04 [백엔드 맛보기] info: Server listening on 4000
2022-04-14 13:21:04 [백엔드 맛보기] info: Server listening on 4000
2022-04-14 13:22:04 [백엔드 맛보기] info: Server listening on 4000
2022-04-14 13:22:04 [sunhan] info: Server listening on 4000
2022-04-14 13:24:04 [sunhan] info: Server listening on 4000
2022-04-14 13:25:04 [sunhan] info: Server listening on 4000
2022-04-14 13:25:04 [sunhan] info: Server listening on 4000
2022-04-14 13:27:04 [sunhan] info: Server listening on 4000
2022-04-14 13:30:04 [sunhan] error: verify error jwt expired
2022-04-14 13:30:04 [sunhan] error: verify error jwt expired
2022-04-14 13:30:04 [sunhan] info: GET /refresh 200 Response: "success: true"
2022-04-14 13:31:04 [sunhan] info: Server listening on 4000
2022-04-14 13:32:04 [sunhan] info: Server listening on 4000
2022-04-14 13:38:04 [sunhan] info: Server listening on 4000
2022-04-14 13:38:04 [sunhan] info: Server listening on 4000
2022-04-14 13:39:04 [sunhan] info: Server listening on 4000
2022-04-14 13:42:04 [sunhan] info: Server listening on 4000
2022-04-14 13:43:04 [sunhan] error: verify error jwt expired
2022-04-14 13:43:04 [sunhan] error: verify error jwt expired
2022-04-14 13:43:04 [sunhan] info: GET /refresh 200 Response: "success: true"
2022-04-14 13:44:04 [sunhan] error: verify error jwt expired
2022-04-14 13:46:04 [sunhan] info: Server listening on 4000
2022-04-14 13:55:04 [sunhan] info: Server listening on 4000
2022-04-14 15:08:04 [sunhan] info: Server listening on 4000
2022-04-14 15:09:04 [sunhan] info: Server listening on 4000
2022-04-14 15:12:04 [sunhan] info: Server listening on 4000
2022-04-14 15:12:04 [sunhan] error: verify error jwt expired
2022-04-14 15:12:04 [sunhan] error: verify error jwt expired
2022-04-14 15:12:04 [sunhan] info: GET /refresh 200 Response: "success: true"
2022-04-14 15:17:04 [sunhan] info: Server listening on 4000
2022-04-14 15:18:04 [sunhan] info: Server listening on 4000
2022-04-14 15:18:04 [sunhan] info: Server listening on 4000
2022-04-14 15:19:04 [sunhan] info: Server listening on 4000
2022-04-14 15:21:04 [sunhan] info: Server listening on 4000
2022-04-14 15:21:04 [sunhan] info: Server listening on 4000
2022-04-14 15:22:04 [sunhan] info: Server listening on 4000
2022-04-14 15:22:04 [sunhan] info: Server listening on 4000
2022-04-14 15:23:04 [sunhan] info: Server listening on 4000
2022-04-14 15:23:04 [sunhan] info: Server listening on 4000
2022-04-14 15:26:04 [sunhan] info: Server listening on 4000
2022-04-14 15:26:04 [sunhan] info: Server listening on 4000
2022-04-14 15:27:04 [sunhan] info: Server listening on 4000
2022-04-14 15:29:04 [sunhan] info: Server listening on 4000
2022-04-14 15:33:04 [sunhan] info: Server listening on 4000
2022-04-14 15:33:04 [sunhan] info: Server listening on 4000
2022-04-14 15:34:04 [sunhan] info: Server listening on 4000
2022-04-14 15:34:04 [sunhan] info: Server listening on 4000
2022-04-14 15:35:04 [sunhan] info: Server listening on 4000
2022-04-14 15:36:04 [sunhan] info: Server listening on 4000
2022-04-14 15:38:04 [sunhan] info: Server listening on 4000
2022-04-14 15:39:04 [sunhan] info: Server listening on 4000
2022-04-14 15:41:04 [sunhan] info: Server listening on 4000
2022-04-14 15:42:04 [sunhan] info: Server listening on 4000
2022-04-14 15:48:04 [sunhan] info: Server listening on 4000
2022-04-14 15:50:04 [sunhan] info: Server listening on 4000
2022-04-14 15:51:04 [sunhan] info: Server listening on 4000
2022-04-14 15:52:04 [sunhan] info: Server listening on 4000
2022-04-14 15:52:04 [sunhan] info: Server listening on 4000
2022-04-14 15:52:04 [sunhan] error: verify error jwt expired
2022-04-14 15:52:04 [sunhan] info: GET /refresh 200 Response: "success: true"
2022-04-14 15:54:04 [sunhan] info: Server listening on 4000
2022-04-14 15:55:04 [sunhan] info: Server listening on 4000
2022-04-14 15:56:04 [sunhan] info: Server listening on 4000
2022-04-14 15:57:04 [sunhan] info: Server listening on 4000
