2022-04-11 00:01:01 [백엔드 맛보기] info: Server listening on 4000
2022-04-11 00:03:01 [백엔드 맛보기] info: Server listening on 4000
2022-04-11 00:03:01 [백엔드 맛보기] info: Server listening on 4000
2022-04-11 00:07:01 [백엔드 맛보기] info: Server listening on 4000
2022-04-11 00:07:01 [백엔드 맛보기] error: verify error jwt expired
2022-04-11 00:07:01 [백엔드 맛보기] info: GET /refresh 200 Response: "success: true"
2022-04-11 00:08:01 [백엔드 맛보기] info: Server listening on 4000
2022-04-11 00:10:01 [백엔드 맛보기] info: Server listening on 4000
2022-04-11 00:10:01 [백엔드 맛보기] info: Server listening on 4000
2022-04-11 00:11:01 [백엔드 맛보기] info: Server listening on 4000
2022-04-11 00:11:01 [백엔드 맛보기] info: Server listening on 4000
2022-04-11 00:14:01 [백엔드 맛보기] info: Server listening on 4000
2022-04-11 00:15:01 [백엔드 맛보기] info: Server listening on 4000
2022-04-11 00:16:01 [백엔드 맛보기] info: Server listening on 4000
2022-04-11 00:16:01 [백엔드 맛보기] info: Server listening on 4000
2022-04-11 00:16:01 [백엔드 맛보기] info: Server listening on 4000
2022-04-11 00:17:01 [백엔드 맛보기] info: Server listening on 4000
2022-04-11 00:18:01 [백엔드 맛보기] info: Server listening on 4000
2022-04-11 00:18:01 [백엔드 맛보기] info: Server listening on 4000
2022-04-11 00:19:01 [백엔드 맛보기] info: Server listening on 4000
2022-04-11 00:19:01 [백엔드 맛보기] info: Server listening on 4000
2022-04-11 00:20:01 [백엔드 맛보기] info: Server listening on 4000
2022-04-11 00:22:01 [백엔드 맛보기] info: Server listening on 4000
2022-04-11 00:22:01 [백엔드 맛보기] error: verify error jwt expired
2022-04-11 00:22:01 [백엔드 맛보기] info: GET /refresh 200 Response: "success: true"
2022-04-11 00:23:01 [백엔드 맛보기] info: Server listening on 4000
2022-04-11 00:25:01 [백엔드 맛보기] info: Server listening on 4000
2022-04-11 00:25:01 [백엔드 맛보기] info: Server listening on 4000
2022-04-11 00:26:01 [백엔드 맛보기] error: verify error jwt expired
2022-04-11 00:27:01 [백엔드 맛보기] info: Server listening on 4000
2022-04-11 00:28:01 [백엔드 맛보기] error: verify error jwt malformed
2022-04-11 00:30:01 [백엔드 맛보기] info: Server listening on 4000
2022-04-11 00:30:01 [백엔드 맛보기] info: Server listening on 4000
2022-04-11 14:40:01 [백엔드 맛보기] info: Server listening on 4000
2022-04-11 14:41:01 [백엔드 맛보기] info: Server listening on 4000
2022-04-11 14:42:01 [백엔드 맛보기] info: Server listening on 4000
2022-04-11 14:43:01 [백엔드 맛보기] info: Server listening on 4000
2022-04-11 14:43:01 [백엔드 맛보기] info: Server listening on 4000
2022-04-11 14:44:01 [백엔드 맛보기] info: Server listening on 4000
2022-04-11 14:45:01 [백엔드 맛보기] info: Server listening on 4000
2022-04-11 14:49:01 [백엔드 맛보기] info: Server listening on 4000
2022-04-11 14:49:01 [백엔드 맛보기] info: Server listening on 4000
2022-04-11 14:50:01 [백엔드 맛보기] info: Server listening on 4000
2022-04-11 14:50:01 [백엔드 맛보기] info: Server listening on 4000
2022-04-11 14:51:01 [백엔드 맛보기] info: Server listening on 4000
2022-04-11 14:52:01 [백엔드 맛보기] info: Server listening on 4000
2022-04-11 14:52:01 [백엔드 맛보기] info: Server listening on 4000
2022-04-11 14:52:01 [백엔드 맛보기] info: Server listening on 4000
2022-04-11 14:53:01 [백엔드 맛보기] info: Server listening on 4000
2022-04-11 14:53:01 [백엔드 맛보기] error: verify error jwt expired
2022-04-11 14:58:01 [백엔드 맛보기] info: Server listening on 4000
2022-04-11 14:58:01 [백엔드 맛보기] info: Server listening on 4000
2022-04-11 15:04:01 [백엔드 맛보기] info: Server listening on 4000
2022-04-11 15:14:01 [백엔드 맛보기] info: Server listening on 4000
2022-04-11 15:14:01 [백엔드 맛보기] info: Server listening on 4000
2022-04-11 15:15:01 [백엔드 맛보기] info: Server listening on 4000
2022-04-11 15:15:01 [백엔드 맛보기] info: Server listening on 4000
2022-04-11 15:16:01 [백엔드 맛보기] info: Server listening on 4000
2022-04-11 15:16:01 [백엔드 맛보기] info: Server listening on 4000
2022-04-11 15:16:01 [백엔드 맛보기] info: Server listening on 4000
2022-04-11 15:16:01 [백엔드 맛보기] info: Server listening on 4000
2022-04-11 15:17:01 [백엔드 맛보기] info: Server listening on 4000
2022-04-11 15:17:01 [백엔드 맛보기] info: Server listening on 4000
2022-04-11 15:17:01 [백엔드 맛보기] info: Server listening on 4000
2022-04-11 15:18:01 [백엔드 맛보기] info: Server listening on 4000
2022-04-11 15:18:01 [백엔드 맛보기] info: Server listening on 4000
2022-04-11 15:18:01 [백엔드 맛보기] info: Server listening on 4000
2022-04-11 15:19:01 [백엔드 맛보기] info: Server listening on 4000
2022-04-11 15:19:01 [백엔드 맛보기] info: Server listening on 4000
2022-04-11 15:19:01 [백엔드 맛보기] info: Server listening on 4000
2022-04-11 15:19:01 [백엔드 맛보기] info: Server listening on 4000
2022-04-11 15:20:01 [백엔드 맛보기] info: Server listening on 4000
2022-04-11 15:25:01 [백엔드 맛보기] info: Server listening on 4000
2022-04-11 15:25:01 [백엔드 맛보기] info: Server listening on 4000
2022-04-11 15:26:01 [백엔드 맛보기] info: Server listening on 4000
2022-04-11 15:27:01 [백엔드 맛보기] info: Server listening on 4000
2022-04-11 15:27:01 [백엔드 맛보기] info: Server listening on 4000
2022-04-11 15:28:01 [백엔드 맛보기] info: Server listening on 4000
2022-04-11 15:29:01 [백엔드 맛보기] error: verify error jwt expired
2022-04-11 15:29:01 [백엔드 맛보기] error: verify error jwt expired
2022-04-11 15:29:01 [백엔드 맛보기] error: verify error jwt expired
2022-04-11 15:31:01 [백엔드 맛보기] info: Server listening on 4000
2022-04-11 15:33:01 [백엔드 맛보기] info: Server listening on 4000
2022-04-11 15:34:01 [백엔드 맛보기] info: Server listening on 4000
2022-04-11 15:37:01 [백엔드 맛보기] info: Server listening on 4000
2022-04-11 15:37:01 [백엔드 맛보기] info: Server listening on 4000
2022-04-11 15:39:01 [백엔드 맛보기] info: Server listening on 4000
2022-04-11 15:39:01 [백엔드 맛보기] info: Server listening on 4000
2022-04-11 16:01:01 [백엔드 맛보기] error: verify error jwt expired
2022-04-11 16:01:01 [백엔드 맛보기] error: verify error jwt expired
2022-04-11 16:03:01 [백엔드 맛보기] info: Server listening on 4000
2022-04-11 16:05:01 [백엔드 맛보기] error: verify error invalid token
2022-04-11 16:13:01 [백엔드 맛보기] error: verify error invalid token
2022-04-11 16:16:01 [백엔드 맛보기] info: Server listening on 4000
2022-04-11 16:16:01 [백엔드 맛보기] info: Server listening on 4000
2022-04-11 16:27:01 [백엔드 맛보기] info: Server listening on 4000
2022-04-11 18:00:01 [백엔드 맛보기] info: Server listening on 4000
2022-04-11 18:01:01 [백엔드 맛보기] info: Server listening on 4000
2022-04-11 18:02:01 [백엔드 맛보기] info: Server listening on 4000
2022-04-11 18:05:01 [백엔드 맛보기] info: Server listening on 4000
2022-04-11 18:05:01 [백엔드 맛보기] info: Server listening on 4000
2022-04-11 18:06:01 [백엔드 맛보기] info: Server listening on 4000
2022-04-11 18:06:01 [백엔드 맛보기] info: Server listening on 4000
2022-04-11 18:06:01 [백엔드 맛보기] info: Server listening on 4000
2022-04-11 18:06:01 [백엔드 맛보기] info: Server listening on 4000
2022-04-11 18:07:01 [백엔드 맛보기] info: Server listening on 4000
2022-04-11 18:07:01 [백엔드 맛보기] info: Server listening on 4000
2022-04-11 18:08:01 [백엔드 맛보기] info: Server listening on 4000
2022-04-11 18:08:01 [백엔드 맛보기] info: Server listening on 4000
2022-04-11 18:08:01 [백엔드 맛보기] info: Server listening on 4000
2022-04-11 18:09:01 [백엔드 맛보기] info: Server listening on 4000
2022-04-11 18:09:01 [백엔드 맛보기] info: Server listening on 4000
2022-04-11 18:09:01 [백엔드 맛보기] info: Server listening on 4000
2022-04-11 18:17:01 [백엔드 맛보기] info: Server listening on 4000
